<?xml version="1.0" encoding="UTF-8"?>
<!-- Generated by org.testng.reporters.JUnitReportReporter -->
<testsuite hostname="Macbooks-MacBook-Pro.local" failures="0" tests="5" name="WebTableTest.StaticWebTableTest" time="4.083" errors="0" timestamp="2024-06-26T16:15:32 PDT" skipped="0">
  <testcase classname="WebTableTest.StaticWebTableTest" name="openWeb" time="3.771"/>
  <testcase classname="WebTableTest.StaticWebTableTest" name="numRow" time="0.014"/>
  <testcase classname="WebTableTest.StaticWebTableTest" name="numCol" time="0.012"/>
  <testcase classname="WebTableTest.StaticWebTableTest" name="webTableData" time="0.161"/>
  <testcase classname="WebTableTest.StaticWebTableTest" name="closeWind" time="0.125"/>
</testsuite> <!-- WebTableTest.StaticWebTableTest -->
