<?xml version="1.0" encoding="UTF-8"?>
<!-- Generated by org.testng.reporters.JUnitReportReporter -->
<testsuite hostname="Macbooks-MacBook-Pro.local" failures="0" tests="3" name="AlertsTest.HandleAertsTest" time="13.117" errors="0" timestamp="2024-06-26T01:22:29 PDT" skipped="0">
  <testcase classname="AlertsTest.HandleAertsTest" name="openSite" time="7.730"/>
  <testcase classname="AlertsTest.HandleAertsTest" name="handleAlert" time="0.156"/>
  <testcase classname="AlertsTest.HandleAertsTest" name="closeWind" time="5.231"/>
</testsuite> <!-- AlertsTest.HandleAertsTest -->
