<?xml version="1.0" encoding="UTF-8"?>
<!-- Generated by org.testng.reporters.JUnitReportReporter -->
<testsuite hostname="Macbooks-MacBook-Pro.local" failures="0" tests="9" name="Parametarization.ParellDemo" time="0.150" errors="0" timestamp="2024-06-29T03:29:53 PDT" skipped="0">
  <testcase classname="Parametarization.ParellDemo" name="testLogo" time="0.037"/>
  <testcase classname="Parametarization.ParellDemo" name="testLogo" time="0.035"/>
  <testcase classname="Parametarization.ParellDemo" name="testLogo" time="0.036"/>
  <testcase classname="Parametarization.ParellDemo" name="testTitle" time="0.009"/>
  <testcase classname="Parametarization.ParellDemo" name="testTitle" time="0.005"/>
  <testcase classname="Parametarization.ParellDemo" name="testTitle" time="0.006"/>
  <testcase classname="Parametarization.ParellDemo" name="testUrl" time="0.008"/>
  <testcase classname="Parametarization.ParellDemo" name="testUrl" time="0.004"/>
  <testcase classname="Parametarization.ParellDemo" name="testUrl" time="0.010"/>
</testsuite> <!-- Parametarization.ParellDemo -->
