<?xml version="1.0" encoding="UTF-8"?>
<!-- Generated by org.testng.reporters.JUnitReportReporter -->
<testsuite hostname="Macbooks-MacBook-Pro.local" failures="0" tests="2" name="Annotation_001.AllAnnotations" time="0.005" errors="0" timestamp="2024-06-26T01:28:20 PDT" skipped="0">
  <testcase classname="Annotation_001.AllAnnotations" name="logIn" time="0.003"/>
  <testcase classname="Annotation_001.AllAnnotations" name="logOut" time="0.002"/>
</testsuite> <!-- Annotation_001.AllAnnotations -->
