<?xml version="1.0" encoding="UTF-8"?>
<!-- Generated by org.testng.reporters.JUnitReportReporter -->
<testsuite hostname="Macbooks-MacBook-Pro.local" failures="0" tests="5" name="Annotation_001.HRMOrgTest" time="15.038" errors="0" timestamp="2024-06-24T23:34:00 PDT" skipped="0">
  <testcase classname="Annotation_001.HRMOrgTest" name="openApp" time="7.600"/>
  <testcase classname="Annotation_001.HRMOrgTest" name="LogoPresence" time="0.066"/>
  <testcase classname="Annotation_001.HRMOrgTest" name="logIn" time="3.409"/>
  <testcase classname="Annotation_001.HRMOrgTest" name="logOut" time="3.829"/>
  <testcase classname="Annotation_001.HRMOrgTest" name="closeWind" time="0.134"/>
</testsuite> <!-- Annotation_001.HRMOrgTest -->
